<?xml version="1.0" encoding="UTF-8" ?>
<rss version="2.0">

    <channel>
        <title>test-feed</title>
        <link>https://example.com</link>
        <description>feed test description</description>
        
        <item>
            <title>Test Title</title>
            <link>
                https://example.com/blog/post1/
            </link>
            <author>Author</author>
            <description>
                blog post description
            </description>
            <pubDate>Wed, 30 Sep 2020 00:00:00 +0000</pubDate>
            <guid>
                https://example.com/blog/post1/
            </guid>
            <category>tag1</category>
            <category>   tag2  </category>
            <category></category>
        </item>

    </channel>
</rss>
